<?xml version="1.0" encoding="UTF-8"?>
<!-- Generated by org.testng.reporters.JUnitReportReporter -->
<testsuite hostname="HBPTester" failures="0" tests="1" name="Automation.test.IIPSRVProcessAutomation" time="1.471" errors="0" timestamp="2025-01-07T16:35:27 IST" skipped="0">
  <testcase classname="Automation.test.IIPSRVProcessAutomation" name="manageIIPSRVProcesses" time="1.471"/>
  <system-out/>
</testsuite> <!-- Automation.test.IIPSRVProcessAutomation -->
