<?xml version="1.0" encoding="UTF-8"?>
<!-- Generated by org.testng.reporters.JUnitReportReporter -->
<testsuite hostname="HBPTester" failures="0" tests="1" name="Automation.test.Imageout_pathVerify" time="2.839" errors="0" timestamp="2025-01-08T15:40:12 IST" skipped="0">
  <testcase classname="Automation.test.Imageout_pathVerify" name="testDB" time="2.839"/>
  <system-out/>
</testsuite> <!-- Automation.test.Imageout_pathVerify -->
