<?xml version="1.0" encoding="UTF-8"?>
<!-- Generated by org.testng.reporters.JUnitReportReporter -->
<testsuite hostname="HBPTester" failures="0" tests="1" name="Automation.test.Imageout_pathVerify" time="3.844" errors="0" timestamp="2025-01-09T12:51:00 IST" skipped="0">
  <testcase classname="Automation.test.Imageout_pathVerify" name="testDB" time="3.844"/>
  <system-out/>
</testsuite> <!-- Automation.test.Imageout_pathVerify -->
